<!DOCTYPE html>

<html>
  <head>
  <meta charset='utf-8'>
  <title>TestNG reports</title>

    <link type="text/css" href="testng-reports1.css" rel="stylesheet" id="ultra" />
    <link type="text/css" href="testng-reports.css" rel="stylesheet" id="retro" disabled="false"/>
    <script type="text/javascript" src="jquery-3.6.0.min.js"></script>
    <script type="text/javascript" src="testng-reports.js"></script>
    <script type="text/javascript" src="https://www.google.com/jsapi"></script>
    <script type='text/javascript'>
      google.load('visualization', '1', {packages:['table']});
      google.setOnLoadCallback(drawTable);
      var suiteTableInitFunctions = new Array();
      var suiteTableData = new Array();
    </script>
    <!--
      <script type="text/javascript" src="jquery-ui/js/jquery-ui-1.8.16.custom.min.js"></script>
     -->
  </head>

  <body>    <div class="top-banner-root">
      <span class="top-banner-title-font">Test results</span>
      <button id="button" class="button">Switch Retro Theme</button> <!-- button -->
      <br/>
      <span class="top-banner-font-1">1 suite, 2 failed tests</span>
    </div> <!-- top-banner-root -->
    <div class="navigator-root">
      <div class="navigator-suite-header">
        <span>All suites</span>
        <a href="#" title="Collapse/expand all the suites" class="collapse-all-link">
          <img src="collapseall.gif" class="collapse-all-icon">
          </img> <!-- collapse-all-icon -->
        </a> <!-- collapse-all-link -->
      </div> <!-- navigator-suite-header -->
      <div class="suite">
        <div class="rounded-window">
          <div class="suite-header light-rounded-window-top">
            <a href="#" panel-name="suite-Store_Test_Suite" class="navigator-link">
              <span class="suite-name border-failed">Store Test Suite</span>
            </a> <!-- navigator-link -->
          </div> <!-- suite-header light-rounded-window-top -->
          <div class="navigator-suite-content">
            <div class="suite-section-title">
              <span>Info</span>
            </div> <!-- suite-section-title -->
            <div class="suite-section-content">
              <ul>
                <li>
                  <a href="#" panel-name="test-xml-Store_Test_Suite" class="navigator-link ">
                    <span>C:\Users\abhay.verma\IdeaProjects\MyndLeaseX\Store.xml</span>
                  </a> <!-- navigator-link  -->
                </li>
                <li>
                  <a href="#" panel-name="testlist-Store_Test_Suite" class="navigator-link ">
                    <span class="test-stats">1 test</span>
                  </a> <!-- navigator-link  -->
                </li>
                <li>
                  <a href="#" panel-name="group-Store_Test_Suite" class="navigator-link ">
                    <span>0 groups</span>
                  </a> <!-- navigator-link  -->
                </li>
                <li>
                  <a href="#" panel-name="times-Store_Test_Suite" class="navigator-link ">
                    <span>Times</span>
                  </a> <!-- navigator-link  -->
                </li>
                <li>
                  <a href="#" panel-name="reporter-Store_Test_Suite" class="navigator-link ">
                    <span>Reporter output</span>
                  </a> <!-- navigator-link  -->
                </li>
                <li>
                  <a href="#" panel-name="ignored-methods-Store_Test_Suite" class="navigator-link ">
                    <span>Ignored methods</span>
                  </a> <!-- navigator-link  -->
                </li>
                <li>
                  <a href="#" panel-name="chronological-Store_Test_Suite" class="navigator-link ">
                    <span>Chronological view</span>
                  </a> <!-- navigator-link  -->
                </li>
              </ul>
            </div> <!-- suite-section-content -->
            <div class="result-section">
              <div class="suite-section-title">
                <span>Results</span>
              </div> <!-- suite-section-title -->
              <div class="suite-section-content">
                <ul>
                  <li>
                    <span class="method-stats">3 methods, 2 failed,   1 passed</span>
                  </li>
                  <li>
                    <span class="method-list-title failed">Failed methods</span>
                    <span class="show-or-hide-methods failed">
                      <a href="#" panel-name="suite-Store_Test_Suite" class="hide-methods failed suite-Store_Test_Suite"> (hide)</a> <!-- hide-methods failed suite-Store_Test_Suite -->
                      <a href="#" panel-name="suite-Store_Test_Suite" class="show-methods failed suite-Store_Test_Suite"> (show)</a> <!-- show-methods failed suite-Store_Test_Suite -->
                    </span>
                    <div class="method-list-content failed suite-Store_Test_Suite">
                      <span>
                        <img src="failed.png" width="3%"/>
                        <a href="#" panel-name="suite-Store_Test_Suite" title="Test.Store.StoreCreationFlow" class="method navigator-link" hash-for-method="createStoreFlow({test_Scenario=Verify Lessee Registration with Valid Input, store_CostCenter=TestStoreCenter, compan...)">createStoreFlow({test_Scenario=Verify Lessee Registration with Valid Input, store_CostCenter=TestStoreCenter, compan...)</a> <!-- method navigator-link -->
                      </span>
                      <br/>
                      <span>
                        <img src="failed.png" width="3%"/>
                        <a href="#" panel-name="suite-Store_Test_Suite" title="Test.Store.StoreCreationFlow" class="method navigator-link" hash-for-method="createStoreFlow({test_Scenario=Verify Lessee Registration with Valid Input, store_CostCenter=TestStoreCenter, compan...)">createStoreFlow({test_Scenario=Verify Lessee Registration with Valid Input, store_CostCenter=TestStoreCenter, compan...)</a> <!-- method navigator-link -->
                      </span>
                      <br/>
                    </div> <!-- method-list-content failed suite-Store_Test_Suite -->
                  </li>
                  <li>
                    <span class="method-list-title passed">Passed methods</span>
                    <span class="show-or-hide-methods passed">
                      <a href="#" panel-name="suite-Store_Test_Suite" class="hide-methods passed suite-Store_Test_Suite"> (hide)</a> <!-- hide-methods passed suite-Store_Test_Suite -->
                      <a href="#" panel-name="suite-Store_Test_Suite" class="show-methods passed suite-Store_Test_Suite"> (show)</a> <!-- show-methods passed suite-Store_Test_Suite -->
                    </span>
                    <div class="method-list-content passed suite-Store_Test_Suite">
                      <span>
                        <img src="passed.png" width="3%"/>
                        <a href="#" panel-name="suite-Store_Test_Suite" title="Test.Store.StoreCreationFlow" class="method navigator-link" hash-for-method="createStoreFlow({test_Scenario=Verify Lessee Registration with Valid Input, store_CostCenter=null, company_Code=MNDA...)">createStoreFlow({test_Scenario=Verify Lessee Registration with Valid Input, store_CostCenter=null, company_Code=MNDA...)</a> <!-- method navigator-link -->
                      </span>
                      <br/>
                    </div> <!-- method-list-content passed suite-Store_Test_Suite -->
                  </li>
                </ul>
              </div> <!-- suite-section-content -->
            </div> <!-- result-section -->
          </div> <!-- navigator-suite-content -->
        </div> <!-- rounded-window -->
      </div> <!-- suite -->
    </div> <!-- navigator-root -->
    <div class="wrapper">
      <div class="main-panel-root">
        <div panel-name="suite-Store_Test_Suite" class="panel Store_Test_Suite">
          <div class="suite-Store_Test_Suite-class-failed">
            <div class="main-panel-header rounded-window-top">
              <img src="failed.png"/>
              <span class="class-name">Test.Store.StoreCreationFlow</span>
            </div> <!-- main-panel-header rounded-window-top -->
            <div class="main-panel-content rounded-window-bottom">
              <div class="method">
                <div class="method-content">
                  <a name="createStoreFlow({test_Scenario=Verify Lessee Registration with Valid Input, store_CostCenter=TestStoreCenter, compan...)">
                  </a> <!-- createStoreFlow({test_Scenario=Verify Lessee Registration with Valid Input, store_CostCenter=TestStoreCenter, compan...) -->
                  <span class="method-name">createStoreFlow</span>
                  <span class="parameters">({test_Scenario=Verify Lessee Registration with Valid Input, store_CostCenter=TestStoreCenter, company_Code=MNDACNT220005, store_Name=Test Store, userName=sunil.gaur@myndsol.com, test_Name=verify Store creation, property_To_Search=Ashoka Mall, password=Mynd@2022, store_Addrs_Title=Test Address 1, case_Type=Positive, property_To_Approve=Ashoka Mall, store_ErpCode=12312312, portal=Mynd Lease products, property_To_Add=Ashoka Mall, remarks=Test Remarks, test_Id=Store-001, menu_Option=Store},org.testng.TestRunner@6668ddbf)</span>
                  <div class="stack-trace">org.openqa.selenium.StaleElementReferenceException: stale element reference: stale element not found in the current frame
  (Session info: chrome=129.0.6668.70)
For documentation on this error, please visit: https://www.selenium.dev/documentation/webdriver/troubleshooting/errors#stale-element-reference-exception
Build info: version: &apos;4.25.0&apos;, revision: &apos;8a8aea2337&apos;
System info: os.name: &apos;Windows 10&apos;, os.arch: &apos;amd64&apos;, os.version: &apos;10.0&apos;, java.version: &apos;22.0.2&apos;
Driver info: org.openqa.selenium.chrome.ChromeDriver
Command: [ccac9b71295e5806856a0d3d32b8f202, getElementText {id=f.DEA2C30F921D5AE809D23326B9145F9D.d.AFBEC54811056F4905DFAFE84A71335C.e.281}]
Capabilities {acceptInsecureCerts: false, browserName: chrome, browserVersion: 129.0.6668.70, chrome: {chromedriverVersion: 129.0.6668.89 (951c0b97221f..., userDataDir: C:\Users\ABHAY~1.VER\AppDat...}, fedcm:accounts: true, goog:chromeOptions: {debuggerAddress: localhost:64453}, networkConnectionEnabled: false, pageLoadStrategy: normal, platformName: windows, proxy: Proxy(), se:cdp: ws://localhost:64453/devtoo..., se:cdpVersion: 129.0.6668.70, setWindowRect: true, strictFileInteractability: false, timeouts: {implicit: 0, pageLoad: 300000, script: 30000}, unhandledPromptBehavior: dismiss and notify, webauthn:extension:credBlob: true, webauthn:extension:largeBlob: true, webauthn:extension:minPinLength: true, webauthn:extension:prf: true, webauthn:virtualAuthenticators: true}
Element: [[ChromeDriver: chrome on windows (ccac9b71295e5806856a0d3d32b8f202)] -&gt; xpath: //div[@class=&apos;ms-3&apos;]/strong]
Session ID: ccac9b71295e5806856a0d3d32b8f202
	at org.openqa.selenium.remote.ErrorCodec.decode(ErrorCodec.java:167)
	at org.openqa.selenium.remote.codec.w3c.W3CHttpResponseCodec.decode(W3CHttpResponseCodec.java:138)
	at org.openqa.selenium.remote.codec.w3c.W3CHttpResponseCodec.decode(W3CHttpResponseCodec.java:50)
	at org.openqa.selenium.remote.HttpCommandExecutor.execute(HttpCommandExecutor.java:190)
	at org.openqa.selenium.remote.service.DriverCommandExecutor.invokeExecute(DriverCommandExecutor.java:216)
	at org.openqa.selenium.remote.service.DriverCommandExecutor.execute(DriverCommandExecutor.java:174)
	at org.openqa.selenium.remote.RemoteWebDriver.execute(RemoteWebDriver.java:545)
	at org.openqa.selenium.remote.RemoteWebElement.execute(RemoteWebElement.java:223)
	at org.openqa.selenium.remote.RemoteWebElement.getText(RemoteWebElement.java:191)
	at PageObjects.StorePage.selectPropertyToApprove(StorePage.java:131)
	at Test.Store.StoreCreationFlow.createStoreFlow(StoreCreationFlow.java:51)
	at java.base/java.util.concurrent.Executors$RunnableAdapter.call(Executors.java:572)
	at java.base/java.util.concurrent.FutureTask.run(FutureTask.java:317)
	at java.base/java.util.concurrent.ThreadPoolExecutor.runWorker(ThreadPoolExecutor.java:1144)
	at java.base/java.util.concurrent.ThreadPoolExecutor$Worker.run(ThreadPoolExecutor.java:642)
	at java.base/java.lang.Thread.run(Thread.java:1570)
... Removed 14 stack frames
</div> <!-- stack-trace -->
                </div> <!-- method-content -->
              </div> <!-- method -->
              <div class="method">
                <div class="method-content">
                  <a name="createStoreFlow({test_Scenario=Verify Lessee Registration with Valid Input, store_CostCenter=TestStoreCenter, compan...)">
                  </a> <!-- createStoreFlow({test_Scenario=Verify Lessee Registration with Valid Input, store_CostCenter=TestStoreCenter, compan...) -->
                  <span class="method-name">createStoreFlow</span>
                  <span class="parameters">({test_Scenario=Verify Lessee Registration with Valid Input, store_CostCenter=TestStoreCenter, company_Code=MNDACNT220005, store_Name=Test Store, userName=sunil.gaur@myndsol.com, test_Name=verify Store creation, property_To_Search=null, password=Mynd@2022, store_Addrs_Title=Test Address 1, case_Type=Positive, property_To_Approve=null, store_ErpCode=12312312, portal=Mynd Lease products, property_To_Add=null, remarks=Test Remarks, test_Id=Store-001, menu_Option=Store},org.testng.TestRunner@6668ddbf)</span>
                  <div class="stack-trace">org.openqa.selenium.ElementClickInterceptedException: element click intercepted: Element &lt;button _ngcontent-ng-cli-universal-c80=&quot;&quot; type=&quot;button&quot; data-bs-toggle=&quot;modal&quot; data-bs-target=&quot;#SaveMsg&quot; class=&quot;btn btn-primary&quot; style=&quot;margin-right: 5px;&quot; disabled=&quot;&quot;&gt;...&lt;/button&gt; is not clickable at point (1418, 601). Other element would receive the click: &lt;div _ngcontent-ng-cli-universal-c80=&quot;&quot; class=&quot;col-12 py-3&quot;&gt;...&lt;/div&gt;
  (Session info: chrome=129.0.6668.70)
Build info: version: &apos;4.25.0&apos;, revision: &apos;8a8aea2337&apos;
System info: os.name: &apos;Windows 10&apos;, os.arch: &apos;amd64&apos;, os.version: &apos;10.0&apos;, java.version: &apos;22.0.2&apos;
Driver info: org.openqa.selenium.chrome.ChromeDriver
Command: [ff6af9963d4a816a53418aea4afc2d0b, clickElement {id=f.C1A5BCB6CBE38A72EB0D399387B39C98.d.451F26155D90B292730F4DA16C2748CB.e.239}]
Capabilities {acceptInsecureCerts: false, browserName: chrome, browserVersion: 129.0.6668.70, chrome: {chromedriverVersion: 129.0.6668.89 (951c0b97221f..., userDataDir: C:\Users\ABHAY~1.VER\AppDat...}, fedcm:accounts: true, goog:chromeOptions: {debuggerAddress: localhost:64694}, networkConnectionEnabled: false, pageLoadStrategy: normal, platformName: windows, proxy: Proxy(), se:cdp: ws://localhost:64694/devtoo..., se:cdpVersion: 129.0.6668.70, setWindowRect: true, strictFileInteractability: false, timeouts: {implicit: 0, pageLoad: 300000, script: 30000}, unhandledPromptBehavior: dismiss and notify, webauthn:extension:credBlob: true, webauthn:extension:largeBlob: true, webauthn:extension:minPinLength: true, webauthn:extension:prf: true, webauthn:virtualAuthenticators: true}
Element: [[ChromeDriver: chrome on windows (ff6af9963d4a816a53418aea4afc2d0b)] -&gt; xpath: //button[contains(text(),&apos;Associate&apos;)]]
Session ID: ff6af9963d4a816a53418aea4afc2d0b
	at org.openqa.selenium.remote.ErrorCodec.decode(ErrorCodec.java:167)
	at org.openqa.selenium.remote.codec.w3c.W3CHttpResponseCodec.decode(W3CHttpResponseCodec.java:138)
	at org.openqa.selenium.remote.codec.w3c.W3CHttpResponseCodec.decode(W3CHttpResponseCodec.java:50)
	at org.openqa.selenium.remote.HttpCommandExecutor.execute(HttpCommandExecutor.java:190)
	at org.openqa.selenium.remote.service.DriverCommandExecutor.invokeExecute(DriverCommandExecutor.java:216)
	at org.openqa.selenium.remote.service.DriverCommandExecutor.execute(DriverCommandExecutor.java:174)
	at org.openqa.selenium.remote.RemoteWebDriver.execute(RemoteWebDriver.java:545)
	at org.openqa.selenium.remote.RemoteWebElement.execute(RemoteWebElement.java:223)
	at org.openqa.selenium.remote.RemoteWebElement.click(RemoteWebElement.java:76)
	at org.openqa.selenium.support.pagefactory.internal.LocatingElementHandler.invoke(LocatingElementHandler.java:51)
	at jdk.proxy2/jdk.proxy2.$Proxy15.click(Unknown Source)
	at PageObjects.StorePage.clickAssociateBtn(StorePage.java:124)
	at Test.Store.StoreCreationFlow.createStoreFlow(StoreCreationFlow.java:49)
	at java.base/java.util.concurrent.Executors$RunnableAdapter.call(Executors.java:572)
	at java.base/java.util.concurrent.FutureTask.run(FutureTask.java:317)
	at java.base/java.util.concurrent.ThreadPoolExecutor.runWorker(ThreadPoolExecutor.java:1144)
	at java.base/java.util.concurrent.ThreadPoolExecutor$Worker.run(ThreadPoolExecutor.java:642)
	at java.base/java.lang.Thread.run(Thread.java:1570)
... Removed 16 stack frames
</div> <!-- stack-trace -->
                </div> <!-- method-content -->
              </div> <!-- method -->
            </div> <!-- main-panel-content rounded-window-bottom -->
          </div> <!-- suite-Store_Test_Suite-class-failed -->
          <div class="suite-Store_Test_Suite-class-passed">
            <div class="main-panel-header rounded-window-top">
              <img src="passed.png"/>
              <span class="class-name">Test.Store.StoreCreationFlow</span>
            </div> <!-- main-panel-header rounded-window-top -->
            <div class="main-panel-content rounded-window-bottom">
              <div class="method">
                <div class="method-content">
                  <a name="createStoreFlow({test_Scenario=Verify Lessee Registration with Valid Input, store_CostCenter=null, company_Code=MNDA...)">
                  </a> <!-- createStoreFlow({test_Scenario=Verify Lessee Registration with Valid Input, store_CostCenter=null, company_Code=MNDA...) -->
                  <span class="method-name">createStoreFlow</span>
                  <span class="parameters">({test_Scenario=Verify Lessee Registration with Valid Input, store_CostCenter=null, company_Code=MNDACNT220005, store_Name=null, userName=sunil.gaur@myndsol.com, test_Name=verify Store creation, property_To_Search=Ashoka Mall, password=Mynd@2022, store_Addrs_Title=Test Address 1, case_Type=Positive, property_To_Approve=Ashoka Mall, store_ErpCode=null, portal=Mynd Lease products, property_To_Add=Ashoka Mall, remarks=Test Remarks, test_Id=Store-001, menu_Option=Store},org.testng.TestRunner@6668ddbf)</span>
                </div> <!-- method-content -->
              </div> <!-- method -->
            </div> <!-- main-panel-content rounded-window-bottom -->
          </div> <!-- suite-Store_Test_Suite-class-passed -->
        </div> <!-- panel Store_Test_Suite -->
        <div panel-name="test-xml-Store_Test_Suite" class="panel">
          <div class="main-panel-header rounded-window-top">
            <span class="header-content">C:\Users\abhay.verma\IdeaProjects\MyndLeaseX\Store.xml</span>
          </div> <!-- main-panel-header rounded-window-top -->
          <div class="main-panel-content rounded-window-bottom">
            <pre>
&lt;?xml version=&quot;1.0&quot; encoding=&quot;UTF-8&quot;?&gt;
&lt;!DOCTYPE suite SYSTEM &quot;https://testng.org/testng-1.0.dtd&quot;&gt;
&lt;suite thread-count=&quot;3&quot; parallel=&quot;methods&quot; data-provider-thread-count=&quot;3&quot; name=&quot;Store Test Suite&quot; guice-stage=&quot;DEVELOPMENT&quot; skipfailedinvocationcounts=&quot;true&quot; verbose=&quot;0&quot;&gt;
  &lt;parameter name=&quot;excel_Sheet&quot; value=&quot;Store&quot;/&gt;
  &lt;listeners&gt;
    &lt;listener class-name=&quot;TestComponents.Listners&quot;/&gt;
  &lt;/listeners&gt;
  &lt;test thread-count=&quot;3&quot; parallel=&quot;methods&quot; name=&quot;Property&quot; verbose=&quot;0&quot;&gt;
    &lt;parameter name=&quot;test_param&quot; value=&quot;Store-001&quot;/&gt;
    &lt;classes&gt;
      &lt;class name=&quot;Test.Store.StoreCreationFlow&quot;/&gt;
    &lt;/classes&gt;
  &lt;/test&gt; &lt;!-- Property --&gt;
&lt;/suite&gt; &lt;!-- Store Test Suite --&gt;
            </pre>
          </div> <!-- main-panel-content rounded-window-bottom -->
        </div> <!-- panel -->
        <div panel-name="testlist-Store_Test_Suite" class="panel">
          <div class="main-panel-header rounded-window-top">
            <span class="header-content">Tests for Store Test Suite</span>
          </div> <!-- main-panel-header rounded-window-top -->
          <div class="main-panel-content rounded-window-bottom">
            <ul>
              <li>
                <span class="test-name">Property (1 class)</span>
              </li>
            </ul>
          </div> <!-- main-panel-content rounded-window-bottom -->
        </div> <!-- panel -->
        <div panel-name="group-Store_Test_Suite" class="panel">
          <div class="main-panel-header rounded-window-top">
            <span class="header-content">Groups for Store Test Suite</span>
          </div> <!-- main-panel-header rounded-window-top -->
          <div class="main-panel-content rounded-window-bottom">
          </div> <!-- main-panel-content rounded-window-bottom -->
        </div> <!-- panel -->
        <div panel-name="times-Store_Test_Suite" class="panel">
          <div class="main-panel-header rounded-window-top">
            <span class="header-content">Times for Store Test Suite</span>
          </div> <!-- main-panel-header rounded-window-top -->
          <div class="main-panel-content rounded-window-bottom">
            <div class="times-div">
              <script type="text/javascript">
suiteTableInitFunctions.push('tableData_Store_Test_Suite');
function tableData_Store_Test_Suite() {
var data = new google.visualization.DataTable();
data.addColumn('number', 'Number');
data.addColumn('string', 'Method');
data.addColumn('string', 'Class');
data.addColumn('number', 'Time (ms)');
data.addRows(3);
data.setCell(0, 0, 0)
data.setCell(0, 1, 'createStoreFlow')
data.setCell(0, 2, 'Test.Store.StoreCreationFlow')
data.setCell(0, 3, 20437);
data.setCell(1, 0, 1)
data.setCell(1, 1, 'createStoreFlow')
data.setCell(1, 2, 'Test.Store.StoreCreationFlow')
data.setCell(1, 3, 19925);
data.setCell(2, 0, 2)
data.setCell(2, 1, 'createStoreFlow')
data.setCell(2, 2, 'Test.Store.StoreCreationFlow')
data.setCell(2, 3, 16835);
window.suiteTableData['Store_Test_Suite']= { tableData: data, tableDiv: 'times-div-Store_Test_Suite'}
return data;
}
              </script>
              <span class="suite-total-time">Total running time: 57 seconds</span>
              <div id="times-div-Store_Test_Suite">
              </div> <!-- times-div-Store_Test_Suite -->
            </div> <!-- times-div -->
          </div> <!-- main-panel-content rounded-window-bottom -->
        </div> <!-- panel -->
        <div panel-name="reporter-Store_Test_Suite" class="panel">
          <div class="main-panel-header rounded-window-top">
            <span class="header-content">Reporter output for Store Test Suite</span>
          </div> <!-- main-panel-header rounded-window-top -->
          <div class="main-panel-content rounded-window-bottom">
          </div> <!-- main-panel-content rounded-window-bottom -->
        </div> <!-- panel -->
        <div panel-name="ignored-methods-Store_Test_Suite" class="panel">
          <div class="main-panel-header rounded-window-top">
            <span class="header-content">0 ignored methods</span>
          </div> <!-- main-panel-header rounded-window-top -->
          <div class="main-panel-content rounded-window-bottom">
          </div> <!-- main-panel-content rounded-window-bottom -->
        </div> <!-- panel -->
        <div panel-name="chronological-Store_Test_Suite" class="panel">
          <div class="main-panel-header rounded-window-top">
            <span class="header-content">Methods in chronological order</span>
          </div> <!-- main-panel-header rounded-window-top -->
          <div class="main-panel-content rounded-window-bottom">
            <div class="chronological-class">
              <div class="chronological-class-name">Test.Store.StoreCreationFlow</div> <!-- chronological-class-name -->
              <div class="configuration-method before">
                <span class="method-name">launchApplication</span>
                <span class="method-start">0 ms</span>
              </div> <!-- configuration-method before -->
              <div class="test-method">
                <img src="failed.png">
                </img>
                <span class="method-name">createStoreFlow({test_Scenario=Verify Lessee Registration with Valid Input, store_CostCenter=TestStoreCenter, compan...)</span>
                <span class="method-start">7584 ms</span>
              </div> <!-- test-method -->
              <div class="configuration-method after">
                <span class="method-name">tearDown</span>
                <span class="method-start">24741 ms</span>
              </div> <!-- configuration-method after -->
              <div class="configuration-method before">
                <span class="method-name">launchApplication</span>
                <span class="method-start">24969 ms</span>
              </div> <!-- configuration-method before -->
              <div class="test-method">
                <span class="method-name">createStoreFlow({test_Scenario=Verify Lessee Registration with Valid Input, store_CostCenter=null, company_Code=MNDA...)</span>
                <span class="method-start">32056 ms</span>
              </div> <!-- test-method -->
              <div class="configuration-method after">
                <span class="method-name">tearDown</span>
                <span class="method-start">52495 ms</span>
              </div> <!-- configuration-method after -->
              <div class="configuration-method before">
                <span class="method-name">launchApplication</span>
                <span class="method-start">52703 ms</span>
              </div> <!-- configuration-method before -->
              <div class="test-method">
                <img src="failed.png">
                </img>
                <span class="method-name">createStoreFlow({test_Scenario=Verify Lessee Registration with Valid Input, store_CostCenter=TestStoreCenter, compan...)</span>
                <span class="method-start">59878 ms</span>
              </div> <!-- test-method -->
              <div class="configuration-method after">
                <span class="method-name">tearDown</span>
                <span class="method-start">80082 ms</span>
              </div> <!-- configuration-method after -->
          </div> <!-- main-panel-content rounded-window-bottom -->
        </div> <!-- panel -->
      </div> <!-- main-panel-root -->
    </div> <!-- wrapper -->
  </body>
<script type="text/javascript" src="testng-reports2.js"></script>
</html>
